<?xml version="1.0" encoding="UTF-8"?>
<testsuite xmlns:xsi="http://www.w3.org/2001/XMLSchema-instance" xsi:noNamespaceSchemaLocation="https://maven.apache.org/surefire/maven-surefire-plugin/xsd/surefire-test-report-3.0.xsd" version="3.0" name="com.shopstore.retail.part5.OrderInProcessingTest" time="0.188" tests="20" errors="0" skipped="0" failures="0">
  <properties>
[...]
</properties>
  <testcase name="after_calling_productChanged_with_Product_not_in_order_it_does_nothing" classname="com.shopstore.retail.part5.OrderInProcessingTest" time="0.119"/>
  <testcase name="after_calling_createInitialShipment_with_partial_stock_then_shipment_is_created" classname="com.shopstore.retail.part5.OrderInProcessingTest" time="0.003"/>
  <testcase name="calling_productChanged_after_everything_has_been_shipped_should_not_create_more_shipments" classname="com.shopstore.retail.part5.OrderInProcessingTest" time="0.003"/>
  <testcase name="OrderInProcessing_class_implements_ProductChangeListener_and_ProductOrder_interfaces" classname="com.shopstore.retail.part5.OrderInProcessingTest" time="0.002"/>
  <testcase name="after_calling_productChanged_with_partial_stock_then_isCompleted_is_false" classname="com.shopstore.retail.part5.OrderInProcessingTest" time="0.003"/>
  <testcase name="before_calling_createInitialShipment_then_isCompleted_is_false" classname="com.shopstore.retail.part5.OrderInProcessingTest" time="0.002"/>
  <testcase name="after_calling_createInitialShipment_with_no_stock_then_no_shipment_is_created" classname="com.shopstore.retail.part5.OrderInProcessingTest" time="0.002"/>
  <testcase name="after_calling_createInitialShipment_with_no_stock_then_isCompleted_is_false" classname="com.shopstore.retail.part5.OrderInProcessingTest" time="0.001"/>
  <testcase name="after_calling_productChanged_with_sufficient_stock_then_isCompleted_is_true" classname="com.shopstore.retail.part5.OrderInProcessingTest" time="0.003"/>
  <testcase name="advanced_behavior_with_multiple_products" classname="com.shopstore.retail.part5.OrderInProcessingTest" time="0.002"/>
  <testcase name="after_calling_productChanged_with_sufficient_stock_then_shipment_is_created" classname="com.shopstore.retail.part5.OrderInProcessingTest" time="0.003"/>
  <testcase name="after_calling_createInitialShipment_with_sufficient_stock_then_listener_is_not_added_to_ProduductInventory" classname="com.shopstore.retail.part5.OrderInProcessingTest" time="0.008"/>
  <testcase name="after_calling_createInitialShipment_with_sufficient_stock_then_isCompleted_is_true" classname="com.shopstore.retail.part5.OrderInProcessingTest" time="0.002"/>
  <testcase name="after_calling_createInitialShipment_with_partial_stock_then_isCompleted_is_false" classname="com.shopstore.retail.part5.OrderInProcessingTest" time="0.002"/>
  <testcase name="after_calling_productChanged_with_partial_stock_then_shipment_is_created" classname="com.shopstore.retail.part5.OrderInProcessingTest" time="0.002"/>
  <testcase name="calling_productChanged_with_wrong_ProductChange_does_nothing" classname="com.shopstore.retail.part5.OrderInProcessingTest" time="0.002"/>
  <testcase name="methods_from_the_delegate_ProductOrder_added_in_the_constructor_should_be_called_when_calling_methods_from_this_interface" classname="com.shopstore.retail.part5.OrderInProcessingTest" time="0.002"/>
  <testcase name="after_calling_createInitialShipment_with_sufficient_stock_then_shipment_is_created" classname="com.shopstore.retail.part5.OrderInProcessingTest" time="0.002"/>
  <testcase name="after_calling_createInitialShipment_with_no_stock_then_listener_is_added_to_ProduductInventory" classname="com.shopstore.retail.part5.OrderInProcessingTest" time="0.002"/>
  <testcase name="after_calling_createInitialShipment_with_partial_stock_then_listener_is_added_to_ProduductInventory" classname="com.shopstore.retail.part5.OrderInProcessingTest" time="0.003"/>
</testsuite>