<?xml version="1.0" encoding="UTF-8"?>
<testsuite xmlns:xsi="http://www.w3.org/2001/XMLSchema-instance" xsi:noNamespaceSchemaLocation="https://maven.apache.org/surefire/maven-surefire-plugin/xsd/surefire-test-report-3.0.xsd" version="3.0" name="com.shopstore.retail.part4.InventoryDataReaderTest" time="0.111" tests="21" errors="1" skipped="0" failures="0">
  <properties>
[...]
</properties>
  <testcase name="parseProductLine_vendor_is_parsed_correctly" classname="com.shopstore.retail.part4.InventoryDataReaderTest" time="0.009"/>
  <testcase name="read_returned_ResultSet_contains_string_parsed_as_double_error" classname="com.shopstore.retail.part4.InventoryDataReaderTest" time="0.009"/>
  <testcase name="parseProductLine_name_is_parsed_correctly" classname="com.shopstore.retail.part4.InventoryDataReaderTest" time="0.002"/>
  <testcase name="read_returned_ResultSet_should_have_6_errors_in_total" classname="com.shopstore.retail.part4.InventoryDataReaderTest" time="0.004"/>
  <testcase name="parseProductLine_works_with_other_delimiters" classname="com.shopstore.retail.part4.InventoryDataReaderTest" time="0.002"/>
  <testcase name="read_returned_ResultSet_should_produce_correct_vendor_for_product" classname="com.shopstore.retail.part4.InventoryDataReaderTest" time="0.006"/>
  <testcase name="read_returned_ResultSet_should_have_83_valid_products_in_total" classname="com.shopstore.retail.part4.InventoryDataReaderTest" time="0.003"/>
  <testcase name="read_returned_ResultSet_should_produce_correct_price_for_product" classname="com.shopstore.retail.part4.InventoryDataReaderTest" time="0.002"/>
  <testcase name="parseProductLine_productId_is_parsed_correctly" classname="com.shopstore.retail.part4.InventoryDataReaderTest" time="0.001"/>
  <testcase name="parseProductLine_returns_null_when_invalid_price" classname="com.shopstore.retail.part4.InventoryDataReaderTest" time="0.001"/>
  <testcase name="read_should_throw_IOException_when_OutputStream_throws" classname="com.shopstore.retail.part4.InventoryDataReaderTest" time="0.033">
    <error message="&#10;Mockito cannot mock this class: class java.io.InputStream.&#10;&#10;If you&apos;re not sure why you&apos;re getting this error, please open an issue on GitHub.&#10;&#10;&#10;Java               : 25&#10;JVM vendor name    : Red Hat, Inc.&#10;JVM vendor version : 25.0.2+10&#10;JVM name           : OpenJDK 64-Bit Server VM&#10;JVM version        : 25.0.2+10&#10;JVM info           : mixed mode, sharing&#10;OS name            : Linux&#10;OS version         : 6.19.6-200.fc43.x86_64&#10;&#10;&#10;You are seeing this disclaimer because Mockito is configured to create inlined mocks.&#10;You can learn about inline mocks and their limitations under item #39 of the Mockito class javadoc.&#10;&#10;Underlying exception : org.mockito.exceptions.base.MockitoException: Could not modify all classes [interface java.lang.AutoCloseable, interface java.io.Closeable, class java.lang.Object, class java.io.InputStream]" type="org.mockito.exceptions.base.MockitoException"><![CDATA[org.mockito.exceptions.base.MockitoException: 

Mockito cannot mock this class: class java.io.InputStream.

If you're not sure why you're getting this error, please open an issue on GitHub.


Java               : 25
JVM vendor name    : Red Hat, Inc.
JVM vendor version : 25.0.2+10
JVM name           : OpenJDK 64-Bit Server VM
JVM version        : 25.0.2+10
JVM info           : mixed mode, sharing
OS name            : Linux
OS version         : 6.19.6-200.fc43.x86_64


You are seeing this disclaimer because Mockito is configured to create inlined mocks.
You can learn about inline mocks and their limitations under item #39 of the Mockito class javadoc.

Underlying exception : org.mockito.exceptions.base.MockitoException: Could not modify all classes [interface java.lang.AutoCloseable, interface java.io.Closeable, class java.lang.Object, class java.io.InputStream]
	at com.shopstore.retail.part4.InventoryDataReaderTest.read_should_throw_IOException_when_OutputStream_throws(InventoryDataReaderTest.java:131)
	at java.base/java.lang.reflect.Method.invoke(Method.java:565)
	at java.base/java.util.ArrayList.forEach(ArrayList.java:1604)
	at java.base/java.util.ArrayList.forEach(ArrayList.java:1604)
Caused by: org.mockito.exceptions.base.MockitoException: Could not modify all classes [interface java.lang.AutoCloseable, interface java.io.Closeable, class java.lang.Object, class java.io.InputStream]
	at net.bytebuddy.TypeCache.findOrInsert(TypeCache.java:168)
	at net.bytebuddy.TypeCache$WithInlineExpunction.findOrInsert(TypeCache.java:399)
	at net.bytebuddy.TypeCache.findOrInsert(TypeCache.java:190)
	at net.bytebuddy.TypeCache$WithInlineExpunction.findOrInsert(TypeCache.java:410)
	... 4 more
Caused by: java.lang.IllegalStateException: 
Byte Buddy could not instrument all classes within the mock's type hierarchy

This problem should never occur for javac-compiled classes. This problem has been observed for classes that are:
 - Compiled by older versions of scalac
 - Classes that are part of the Android distribution
	at org.mockito.internal.creation.bytebuddy.InlineBytecodeGenerator.triggerRetransformation(InlineBytecodeGenerator.java:285)
	at org.mockito.internal.creation.bytebuddy.InlineBytecodeGenerator.mockClass(InlineBytecodeGenerator.java:218)
	at org.mockito.internal.creation.bytebuddy.TypeCachingBytecodeGenerator.lambda$mockClass$0(TypeCachingBytecodeGenerator.java:78)
	at net.bytebuddy.TypeCache.findOrInsert(TypeCache.java:168)
	at net.bytebuddy.TypeCache$WithInlineExpunction.findOrInsert(TypeCache.java:399)
	at net.bytebuddy.TypeCache.findOrInsert(TypeCache.java:190)
	at net.bytebuddy.TypeCache$WithInlineExpunction.findOrInsert(TypeCache.java:410)
	at org.mockito.internal.creation.bytebuddy.TypeCachingBytecodeGenerator.mockClass(TypeCachingBytecodeGenerator.java:75)
	at org.mockito.internal.creation.bytebuddy.InlineDelegateByteBuddyMockMaker.createMockType(InlineDelegateByteBuddyMockMaker.java:414)
	at org.mockito.internal.creation.bytebuddy.InlineDelegateByteBuddyMockMaker.doCreateMock(InlineDelegateByteBuddyMockMaker.java:373)
	at org.mockito.internal.creation.bytebuddy.InlineDelegateByteBuddyMockMaker.createMock(InlineDelegateByteBuddyMockMaker.java:352)
	at org.mockito.internal.creation.bytebuddy.InlineByteBuddyMockMaker.createMock(InlineByteBuddyMockMaker.java:56)
	at org.mockito.internal.util.MockUtil.createMock(MockUtil.java:99)
	at org.mockito.internal.MockitoCore.mock(MockitoCore.java:84)
	at org.mockito.Mockito.mock(Mockito.java:2104)
	at org.mockito.Mockito.mock(Mockito.java:2007)
	at org.mockito.Mockito.mock(Mockito.java:1954)
	... 4 more
Caused by: java.lang.IllegalArgumentException: Java 25 (69) is not supported by the current version of Byte Buddy which officially supports Java 22 (66) - update Byte Buddy or set net.bytebuddy.experimental as a VM property
	at net.bytebuddy.utility.OpenedClassReader.of(OpenedClassReader.java:100)
	at net.bytebuddy.dynamic.scaffold.TypeWriter$Default$ForInlining.create(TypeWriter.java:4011)
	at net.bytebuddy.dynamic.scaffold.TypeWriter$Default.make(TypeWriter.java:2224)
	at net.bytebuddy.dynamic.DynamicType$Builder$AbstractBase$UsingTypeWriter.make(DynamicType.java:4055)
	at net.bytebuddy.dynamic.DynamicType$Builder$AbstractBase.make(DynamicType.java:3739)
	at org.mockito.internal.creation.bytebuddy.InlineBytecodeGenerator.transform(InlineBytecodeGenerator.java:402)
	at java.instrument/java.lang.instrument.ClassFileTransformer.transform(ClassFileTransformer.java:257)
	at java.instrument/sun.instrument.TransformerManager.transform(TransformerManager.java:188)
	at java.instrument/sun.instrument.InstrumentationImpl.transform(InstrumentationImpl.java:594)
	at java.instrument/sun.instrument.InstrumentationImpl.retransformClasses0(Native Method)
	at java.instrument/sun.instrument.InstrumentationImpl.retransformClasses(InstrumentationImpl.java:221)
	at org.mockito.internal.creation.bytebuddy.InlineBytecodeGenerator.triggerRetransformation(InlineBytecodeGenerator.java:281)
	... 20 more
]]></error>
  </testcase>
  <testcase name="parseProductLine_price_is_parsed_correctly" classname="com.shopstore.retail.part4.InventoryDataReaderTest" time="0.002"/>
  <testcase name="read_returned_ResultSet_contains_decimal_wrong_format_error" classname="com.shopstore.retail.part4.InventoryDataReaderTest" time="0.005"/>
  <testcase name="read_should_have_throws_IOException_declared" classname="com.shopstore.retail.part4.InventoryDataReaderTest" time="0.001"/>
  <testcase name="parseProductLine_returns_null_when_less_than_6_values" classname="com.shopstore.retail.part4.InventoryDataReaderTest" time="0.001"/>
  <testcase name="read_returned_ResultSet_should_produce_correct_description_for_product" classname="com.shopstore.retail.part4.InventoryDataReaderTest" time="0.002"/>
  <testcase name="parseProductLine_returns_null_when_invalid_productId" classname="com.shopstore.retail.part4.InventoryDataReaderTest" time="0.001"/>
  <testcase name="parseProductLine_works_with_comma_delimiter" classname="com.shopstore.retail.part4.InventoryDataReaderTest" time="0.001"/>
  <testcase name="read_returned_ResultSet_should_produce_correct_name_for_product" classname="com.shopstore.retail.part4.InventoryDataReaderTest" time="0.002"/>
  <testcase name="parseProductLine_description_is_parsed_correctly" classname="com.shopstore.retail.part4.InventoryDataReaderTest" time="0.001"/>
  <testcase name="read_returned_ResultSet_contains_too_many_commas_error" classname="com.shopstore.retail.part4.InventoryDataReaderTest" time="0.001"/>
</testsuite>