<?xml version="1.0" encoding="UTF-8"?>
<testsuite xmlns:xsi="http://www.w3.org/2001/XMLSchema-instance" xsi:noNamespaceSchemaLocation="https://maven.apache.org/surefire/maven-surefire-plugin/xsd/surefire-test-report-3.0.xsd" version="3.0" name="com.shopstore.retail.part5.ProductInventoryManagerTest" time="0.073" tests="18" errors="0" skipped="0" failures="0">
  <properties>
[...]
</properties>
  <testcase name="addListener_can_add_more_than_one_listener" classname="com.shopstore.retail.part5.ProductInventoryManagerTest" time="0.039"/>
  <testcase name="increaseStock_increasing_quantity_from_zero_should_notify_listeners" classname="com.shopstore.retail.part5.ProductInventoryManagerTest" time="0.002"/>
  <testcase name="calling_increaseStock_with_invalid_quantity_throws_exception" classname="com.shopstore.retail.part5.ProductInventoryManagerTest" time="0.003"/>
  <testcase name="increaseStock_adding_new_product_sets_stock_and_notifies_listeners" classname="com.shopstore.retail.part5.ProductInventoryManagerTest" time="0.001"/>
  <testcase name="addListener_listener_should_not_be_added_twice" classname="com.shopstore.retail.part5.ProductInventoryManagerTest" time="0.002"/>
  <testcase name="ProductInventoryManager_class_implements_InventoryManager_interface" classname="com.shopstore.retail.part5.ProductInventoryManagerTest" time="0.001"/>
  <testcase name="getStock_returns_correct_stock" classname="com.shopstore.retail.part5.ProductInventoryManagerTest" time="0.001"/>
  <testcase name="reduceStock_new_stock_should_be_2_when_reduced_by_3" classname="com.shopstore.retail.part5.ProductInventoryManagerTest" time="0.001"/>
  <testcase name="calling_reduceStock_with_too_high_quantity_throws_IllegalArgumentException" classname="com.shopstore.retail.part5.ProductInventoryManagerTest" time="0.002"/>
  <testcase name="calling_reduceStock_with_too_low_quantity_throws_IllegalArgumentException" classname="com.shopstore.retail.part5.ProductInventoryManagerTest" time="0.002"/>
  <testcase name="calling_reduceStock_with_invalid_product_throws_IllegalArgumentException" classname="com.shopstore.retail.part5.ProductInventoryManagerTest" time="0.002"/>
  <testcase name="reduceStock_reducing_quantity_to_zero_should_notify_listeners" classname="com.shopstore.retail.part5.ProductInventoryManagerTest" time="0.001"/>
  <testcase name="reduceStock_reducing_quantity_to_non_zero_should_not_notify_listeners" classname="com.shopstore.retail.part5.ProductInventoryManagerTest" time="0.0"/>
  <testcase name="after_calling_removeListener_no_notifications_should_be_sent_to_the_listener" classname="com.shopstore.retail.part5.ProductInventoryManagerTest" time="0.001"/>
  <testcase name="getStock_returns_0_for_product_not_in_inventory" classname="com.shopstore.retail.part5.ProductInventoryManagerTest" time="0.001"/>
  <testcase name="increaseStock_new_stock_should_be_8_when_stock_is_increased_by_3" classname="com.shopstore.retail.part5.ProductInventoryManagerTest" time="0.001"/>
  <testcase name="increaseStock_increasing_quantity_from_non_zero_should_not_notify_listeners" classname="com.shopstore.retail.part5.ProductInventoryManagerTest" time="0.001"/>
  <testcase name="calling_constructor_with_negative_stock_level_in_productStock_should_throw_IllegalArgumentException" classname="com.shopstore.retail.part5.ProductInventoryManagerTest" time="0.001"/>
</testsuite>