<?xml version="1.0" encoding="UTF-8"?>
<testsuite xmlns:xsi="http://www.w3.org/2001/XMLSchema-instance" xsi:noNamespaceSchemaLocation="https://maven.apache.org/surefire/maven-surefire-plugin/xsd/surefire-test-report-3.0.xsd" version="3.0" name="com.pharmacy.trening.partA.MedicationReaderTests" time="0.045" tests="12" errors="5" skipped="0" failures="3">
  <properties>
[...]
</properties>
  <testcase name="readMedications_skips_header_and_returns_correct_medications" classname="com.pharmacy.trening.partA.MedicationReaderTests" time="0.016">
    <error message="Cannot invoke &quot;no.ntnu.tdt4100.pharmacy.ResultSet.medications()&quot; because &quot;rs&quot; is null" type="java.lang.NullPointerException"><![CDATA[java.lang.NullPointerException: Cannot invoke "no.ntnu.tdt4100.pharmacy.ResultSet.medications()" because "rs" is null
	at com.pharmacy.trening.partA.MedicationReaderTests.readMedications_skips_header_and_returns_correct_medications(MedicationReaderTests.java:71)
	at java.base/java.lang.reflect.Method.invoke(Method.java:565)
	at java.base/java.util.ArrayList.forEach(ArrayList.java:1604)
	at java.base/java.util.ArrayList.forEach(ArrayList.java:1604)
]]></error>
  </testcase>
  <testcase name="readMedications_reads_from_actual_csv_resource" classname="com.pharmacy.trening.partA.MedicationReaderTests" time="0.002">
    <error message="Cannot invoke &quot;no.ntnu.tdt4100.pharmacy.ResultSet.medications()&quot; because &quot;rs&quot; is null" type="java.lang.NullPointerException"><![CDATA[java.lang.NullPointerException: Cannot invoke "no.ntnu.tdt4100.pharmacy.ResultSet.medications()" because "rs" is null
	at com.pharmacy.trening.partA.MedicationReaderTests.readMedications_reads_from_actual_csv_resource(MedicationReaderTests.java:129)
	at java.base/java.lang.reflect.Method.invoke(Method.java:565)
	at java.base/java.util.ArrayList.forEach(ArrayList.java:1604)
	at java.base/java.util.ArrayList.forEach(ArrayList.java:1604)
]]></error>
  </testcase>
  <testcase name="readMedications_records_error_line_numbers_correctly" classname="com.pharmacy.trening.partA.MedicationReaderTests" time="0.001">
    <error message="Cannot invoke &quot;no.ntnu.tdt4100.pharmacy.ResultSet.medications()&quot; because &quot;rs&quot; is null" type="java.lang.NullPointerException"><![CDATA[java.lang.NullPointerException: Cannot invoke "no.ntnu.tdt4100.pharmacy.ResultSet.medications()" because "rs" is null
	at com.pharmacy.trening.partA.MedicationReaderTests.readMedications_records_error_line_numbers_correctly(MedicationReaderTests.java:97)
	at java.base/java.lang.reflect.Method.invoke(Method.java:565)
	at java.base/java.util.ArrayList.forEach(ArrayList.java:1604)
	at java.base/java.util.ArrayList.forEach(ArrayList.java:1604)
]]></error>
  </testcase>
  <testcase name="parseLine_returns_null_when_name_is_empty" classname="com.pharmacy.trening.partA.MedicationReaderTests" time="0.001"/>
  <testcase name="readMedications_propagates_IOException" classname="com.pharmacy.trening.partA.MedicationReaderTests" time="0.002">
    <failure message="Expected java.io.IOException to be thrown, but nothing was thrown." type="org.opentest4j.AssertionFailedError"><![CDATA[org.opentest4j.AssertionFailedError: Expected java.io.IOException to be thrown, but nothing was thrown.
	at org.junit.jupiter.api.AssertionFailureBuilder.build(AssertionFailureBuilder.java:152)
	at org.junit.jupiter.api.AssertThrows.assertThrows(AssertThrows.java:73)
	at org.junit.jupiter.api.AssertThrows.assertThrows(AssertThrows.java:35)
	at org.junit.jupiter.api.Assertions.assertThrows(Assertions.java:3111)
	at com.pharmacy.trening.partA.MedicationReaderTests.readMedications_propagates_IOException(MedicationReaderTests.java:120)
	at java.base/java.lang.reflect.Method.invoke(Method.java:565)
	at java.base/java.util.ArrayList.forEach(ArrayList.java:1604)
	at java.base/java.util.ArrayList.forEach(ArrayList.java:1604)
]]></failure>
  </testcase>
  <testcase name="parseLine_returns_medication_for_valid_line" classname="com.pharmacy.trening.partA.MedicationReaderTests" time="0.001">
    <failure message="expected: not &lt;null&gt;" type="org.opentest4j.AssertionFailedError"><![CDATA[org.opentest4j.AssertionFailedError: expected: not <null>
	at org.junit.jupiter.api.AssertionFailureBuilder.build(AssertionFailureBuilder.java:152)
	at org.junit.jupiter.api.AssertionFailureBuilder.buildAndThrow(AssertionFailureBuilder.java:132)
	at org.junit.jupiter.api.AssertNotNull.failNull(AssertNotNull.java:49)
	at org.junit.jupiter.api.AssertNotNull.assertNotNull(AssertNotNull.java:35)
	at org.junit.jupiter.api.AssertNotNull.assertNotNull(AssertNotNull.java:30)
	at org.junit.jupiter.api.Assertions.assertNotNull(Assertions.java:300)
	at com.pharmacy.trening.partA.MedicationReaderTests.parseLine_returns_medication_for_valid_line(MedicationReaderTests.java:27)
	at java.base/java.lang.reflect.Method.invoke(Method.java:565)
	at java.base/java.util.ArrayList.forEach(ArrayList.java:1604)
	at java.base/java.util.ArrayList.forEach(ArrayList.java:1604)
]]></failure>
  </testcase>
  <testcase name="parseLine_returns_null_when_id_not_parseable" classname="com.pharmacy.trening.partA.MedicationReaderTests" time="0.0"/>
  <testcase name="parseLine_returns_null_when_too_few_fields" classname="com.pharmacy.trening.partA.MedicationReaderTests" time="0.001"/>
  <testcase name="parseLine_returns_null_when_dose_not_parseable" classname="com.pharmacy.trening.partA.MedicationReaderTests" time="0.0"/>
  <testcase name="parseLine_strips_quotes_from_name" classname="com.pharmacy.trening.partA.MedicationReaderTests" time="0.001">
    <failure message="expected: not &lt;null&gt;" type="org.opentest4j.AssertionFailedError"><![CDATA[org.opentest4j.AssertionFailedError: expected: not <null>
	at org.junit.jupiter.api.AssertionFailureBuilder.build(AssertionFailureBuilder.java:152)
	at org.junit.jupiter.api.AssertionFailureBuilder.buildAndThrow(AssertionFailureBuilder.java:132)
	at org.junit.jupiter.api.AssertNotNull.failNull(AssertNotNull.java:49)
	at org.junit.jupiter.api.AssertNotNull.assertNotNull(AssertNotNull.java:35)
	at org.junit.jupiter.api.AssertNotNull.assertNotNull(AssertNotNull.java:30)
	at org.junit.jupiter.api.Assertions.assertNotNull(Assertions.java:300)
	at com.pharmacy.trening.partA.MedicationReaderTests.parseLine_strips_quotes_from_name(MedicationReaderTests.java:37)
	at java.base/java.lang.reflect.Method.invoke(Method.java:565)
	at java.base/java.util.ArrayList.forEach(ArrayList.java:1604)
	at java.base/java.util.ArrayList.forEach(ArrayList.java:1604)
]]></failure>
  </testcase>
  <testcase name="readMedications_handles_quoted_names_with_commas" classname="com.pharmacy.trening.partA.MedicationReaderTests" time="0.001">
    <error message="Cannot invoke &quot;no.ntnu.tdt4100.pharmacy.ResultSet.medications()&quot; because &quot;rs&quot; is null" type="java.lang.NullPointerException"><![CDATA[java.lang.NullPointerException: Cannot invoke "no.ntnu.tdt4100.pharmacy.ResultSet.medications()" because "rs" is null
	at com.pharmacy.trening.partA.MedicationReaderTests.readMedications_handles_quoted_names_with_commas(MedicationReaderTests.java:109)
	at java.base/java.lang.reflect.Method.invoke(Method.java:565)
	at java.base/java.util.ArrayList.forEach(ArrayList.java:1604)
	at java.base/java.util.ArrayList.forEach(ArrayList.java:1604)
]]></error>
  </testcase>
  <testcase name="readMedications_returns_empty_lists_for_header_only" classname="com.pharmacy.trening.partA.MedicationReaderTests" time="0.001">
    <error message="Cannot invoke &quot;no.ntnu.tdt4100.pharmacy.ResultSet.medications()&quot; because &quot;rs&quot; is null" type="java.lang.NullPointerException"><![CDATA[java.lang.NullPointerException: Cannot invoke "no.ntnu.tdt4100.pharmacy.ResultSet.medications()" because "rs" is null
	at com.pharmacy.trening.partA.MedicationReaderTests.readMedications_returns_empty_lists_for_header_only(MedicationReaderTests.java:79)
	at java.base/java.lang.reflect.Method.invoke(Method.java:565)
	at java.base/java.util.ArrayList.forEach(ArrayList.java:1604)
	at java.base/java.util.ArrayList.forEach(ArrayList.java:1604)
]]></error>
  </testcase>
</testsuite>